# JRE version: Java(TM) SE Runtime Environment 18.9 (11.0.11+9) (build 11.0.11+9-LTS-194)
# Java VM: Java HotSpot(TM) 64-Bit Server VM 18.9 (11.0.11+9-LTS-194, mixed mode, tiered, compressed oops, g1 gc, windows-amd64)
Heap:
 garbage-first heap   total 131072K, used 6260K [0x0000000081c00000, 0x0000000100000000)
  region size 1024K, 2 young (2048K), 2 survivors (2048K)
 Metaspace       used 17188K, capacity 17654K, committed 17792K, reserved 1073152K
  class space    used 1904K, capacity 2089K, committed 2176K, reserved 1048576K
GC Heap History (6 events):
Event: 1.394 GC heap before
{Heap before GC invocations=0 (full 0):
 garbage-first heap   total 131072K, used 13312K [0x0000000081c00000, 0x0000000100000000)
  region size 1024K, 14 young (14336K), 0 survivors (0K)
 Metaspace       used 13138K, capacity 13489K, committed 13568K, reserved 1060864K
  class space    used 1353K, capacity 1475K, committed 1536K, reserved 1048576K
}
Event: 1.404 GC heap after
{Heap after GC invocations=1 (full 0):
 garbage-first heap   total 131072K, used 4845K [0x0000000081c00000, 0x0000000100000000)
  region size 1024K, 2 young (2048K), 2 survivors (2048K)
 Metaspace       used 13138K, capacity 13489K, committed 13568K, reserved 1060864K
  class space    used 1353K, capacity 1475K, committed 1536K, reserved 1048576K
}
Event: 1.491 GC heap before
{Heap before GC invocations=1 (full 0):
 garbage-first heap   total 131072K, used 8941K [0x0000000081c00000, 0x0000000100000000)
  region size 1024K, 6 young (6144K), 2 survivors (2048K)
 Metaspace       used 13766K, capacity 14115K, committed 14464K, reserved 1062912K
  class space    used 1435K, capacity 1559K, committed 1664K, reserved 1048576K
}
Event: 1.495 GC heap after
{Heap after GC invocations=2 (full 0):
 garbage-first heap   total 131072K, used 5362K [0x0000000081c00000, 0x0000000100000000)
  region size 1024K, 1 young (1024K), 1 survivors (1024K)
 Metaspace       used 13766K, capacity 14115K, committed 14464K, reserved 1062912K
  class space    used 1435K, capacity 1559K, committed 1664K, reserved 1048576K
}
Event: 2.203 GC heap before
{Heap before GC invocations=2 (full 0):
 garbage-first heap   total 131072K, used 18674K [0x0000000081c00000, 0x0000000100000000)
  region size 1024K, 15 young (15360K), 1 survivors (1024K)
 Metaspace       used 17188K, capacity 17654K, committed 17792K, reserved 1071104K
  class space    used 1904K, capacity 2089K, committed 2176K, reserved 1048576K
}
Event: 2.207 GC heap after
{Heap after GC invocations=3 (full 0):
 garbage-first heap   total 131072K, used 6260K [0x0000000081c00000, 0x0000000100000000)
  region size 1024K, 2 young (2048K), 2 survivors (2048K)
 Metaspace       used 17188K, capacity 17654K, committed 17792K, reserved 1071104K
  class space    used 1904K, capacity 2089K, committed 2176K, reserved 1048576K
}

